<?xml version="1.0" encoding="UTF-8"?>
<Site BuildName="(empty)"
	BuildStamp="20231225-0402-Experimental"
	Name="andrey"
	Generator="ctest-3.22.1"
	CompilerName="/usr/bin/g++"
	CompilerVersion="11.4.0"
	OSName="Linux"
	Hostname="andrey"
	OSRelease="6.2.0-39-generic"
	OSVersion="#40~22.04.1-Ubuntu SMP PREEMPT_DYNAMIC Thu Nov 16 10:53:04 UTC 2"
	OSPlatform="x86_64"
	Is64Bits="1"
	VendorString="AuthenticAMD"
	VendorID="Advanced Micro Devices"
	FamilyID="25"
	ModelID="33"
	ProcessorCacheSize="512"
	NumberOfLogicalCPU="12"
	NumberOfPhysicalCPU="6"
	TotalVirtualMemory="2047"
	TotalPhysicalMemory="31992"
	LogicalProcessorsPerPhysical="2"
	ProcessorClockFrequency="4357.4"
	>
	<Testing>
		<StartDateTime>Dec 24 23:28 EST</StartDateTime>
		<StartTestTime>1703478530</StartTestTime>
		<TestList/>
		<EndDateTime>Dec 24 23:28 EST</EndDateTime>
		<EndTestTime>1703478530</EndTestTime>
		<ElapsedMinutes>0</ElapsedMinutes>
	</Testing>
</Site>
