<?xml version="1.0" encoding="utf-8"?><testsuites><testsuite name="pytest" errors="0" failures="0" skipped="0" tests="3" time="0.430" timestamp="2023-12-24T15:22:49.451251" hostname="andrey"><testcase classname="examples_rclpy_executors.executors.test.test_copyright" name="test_copyright" time="0.233" /><testcase classname="examples_rclpy_executors.executors.test.test_flake8" name="test_flake8" time="0.093" /><testcase classname="examples_rclpy_executors.executors.test.test_pep257" name="test_pep257" time="0.027" /></testsuite></testsuites>